<?xml version="1.0" encoding="UTF-8"?>
<!-- Generated by org.testng.reporters.JUnitReportReporter -->
<testsuite hostname="LAPTOP-V89S2LS6" failures="0" tests="1" name="Campaign.CreateCampaignTest" time="14.335" errors="0" timestamp="2025-02-17T20:03:30 MST" skipped="0">
  <testcase classname="Campaign.CreateCampaignTest" name="createCampaignTest" time="14.335"/>
</testsuite> <!-- Campaign.CreateCampaignTest -->
